C:\SU\CSE687\CODE\TEMPLATES\MAX\DEBUG\MAXCLIENT.EXE
C:\SU\CSE687\CODE\TEMPLATES\MAX\DEBUG\MAXCLIENT.ILK
C:\SU\CSE687\CODE\TEMPLATES\MAX\DEBUG\MAXCLIENT.PDB
C:\su\CSE687\code\templates\MaxClient\Debug\cl.command.1.tlog
C:\su\CSE687\code\templates\MaxClient\Debug\CL.read.1.tlog
C:\su\CSE687\code\templates\MaxClient\Debug\CL.write.1.tlog
C:\SU\CSE687\CODE\TEMPLATES\MAXCLIENT\DEBUG\CLIENT.OBJ
C:\su\CSE687\code\templates\MaxClient\Debug\link.5108.read.1.tlog
C:\su\CSE687\code\templates\MaxClient\Debug\link.5108.write.1.tlog
C:\su\CSE687\code\templates\MaxClient\Debug\link.5108-cvtres.read.1.tlog
C:\su\CSE687\code\templates\MaxClient\Debug\link.5108-cvtres.write.1.tlog
C:\su\CSE687\code\templates\MaxClient\Debug\link.5740.read.1.tlog
C:\su\CSE687\code\templates\MaxClient\Debug\link.5740.write.1.tlog
C:\su\CSE687\code\templates\MaxClient\Debug\link.5740-cvtres.read.1.tlog
C:\su\CSE687\code\templates\MaxClient\Debug\link.5740-cvtres.write.1.tlog
C:\su\CSE687\code\templates\MaxClient\Debug\link.6888.read.1.tlog
C:\su\CSE687\code\templates\MaxClient\Debug\link.6888.write.1.tlog
C:\su\CSE687\code\templates\MaxClient\Debug\link.6888-cvtres.read.1.tlog
C:\su\CSE687\code\templates\MaxClient\Debug\link.6888-cvtres.write.1.tlog
C:\su\CSE687\code\templates\MaxClient\Debug\link.command.1.tlog
C:\su\CSE687\code\templates\MaxClient\Debug\link.read.1.tlog
C:\su\CSE687\code\templates\MaxClient\Debug\link.write.1.tlog
C:\su\CSE687\code\templates\MaxClient\Debug\link-cvtres.read.1.tlog
C:\su\CSE687\code\templates\MaxClient\Debug\link-cvtres.write.1.tlog
C:\SU\CSE687\CODE\TEMPLATES\MAXCLIENT\DEBUG\MAX.OBJ
C:\SU\CSE687\CODE\TEMPLATES\MAXCLIENT\DEBUG\MAXCLIENT.EXE.EMBED.MANIFEST
C:\SU\CSE687\CODE\TEMPLATES\MAXCLIENT\DEBUG\MAXCLIENT.EXE.EMBED.MANIFEST.RES
C:\SU\CSE687\CODE\TEMPLATES\MAXCLIENT\DEBUG\MAXCLIENT.EXE.INTERMEDIATE.MANIFEST
C:\su\CSE687\code\templates\MaxClient\Debug\MaxClient_manifest.rc
C:\su\CSE687\code\templates\MaxClient\Debug\mt.command.1.tlog
C:\su\CSE687\code\templates\MaxClient\Debug\mt.read.1.tlog
C:\su\CSE687\code\templates\MaxClient\Debug\mt.write.1.tlog
C:\su\CSE687\code\templates\MaxClient\Debug\rc.command.1.tlog
C:\su\CSE687\code\templates\MaxClient\Debug\rc.read.1.tlog
C:\su\CSE687\code\templates\MaxClient\Debug\rc.write.1.tlog
C:\su\CSE687\code\templates\MaxClient\Debug\vc100.idb
C:\SU\CSE687\CODE\TEMPLATES\MAXCLIENT\DEBUG\VC100.PDB
